<?xml version="1.0" encoding="UTF-8"?>
<!-- Generated by org.testng.reporters.JUnitXMLReporter -->
<testsuite ignored="0" hostname="Shwethakumari-GM" failures="1" tests="1" name="Test" time="18.748" errors="0" timestamp="2024-11-04T16:07:39 IST">
  <testcase classname="testCases.TC_002_LoginPage" name="verify_login" time="10.467">
    <failure type="java.lang.AssertionError" message="null">
      <![CDATA[java.lang.AssertionError: null
at testCases.TC_002_LoginPage.verify_login(TC_002_LoginPage.java:43)
at java.base/java.util.ArrayList.forEach(ArrayList.java:1511)
... Removed 29 stack frames]]>
    </failure>
  </testcase> <!-- verify_login -->
</testsuite> <!-- Test -->
