<?xml version="1.0" encoding="UTF-8"?>
<testng-results ignored="0" total="1" passed="1" failed="0" skipped="0">
  <reporter-output>
  </reporter-output>
  <suite started-at="2024-11-13T13:41:01 IST" name="Surefire suite" finished-at="2024-11-13T13:41:15 IST" duration-ms="13949">
    <groups>
    </groups>
    <test started-at="2024-11-13T13:41:01 IST" name="Surefire test" finished-at="2024-11-13T13:41:15 IST" duration-ms="13949">
      <class name="testCases.TC_001AccountRegistrationTest">
        <test-method is-config="true" signature="setup()[pri:0, instance:testCases.TC_001AccountRegistrationTest@79dc5318]" started-at="2024-11-13T13:41:01 IST" name="setup" finished-at="2024-11-13T13:41:03 IST" duration-ms="2599" status="PASS">
          <reporter-output>
          </reporter-output>
        </test-method> <!-- setup -->
        <test-method signature="verify_account_registration()[pri:0, instance:testCases.TC_001AccountRegistrationTest@79dc5318]" started-at="2024-11-13T13:41:03 IST" name="verify_account_registration" finished-at="2024-11-13T13:41:14 IST" duration-ms="11068" status="PASS">
          <reporter-output>
          </reporter-output>
        </test-method> <!-- verify_account_registration -->
        <test-method is-config="true" signature="tearDown()[pri:0, instance:testCases.TC_001AccountRegistrationTest@79dc5318]" started-at="2024-11-13T13:41:14 IST" name="tearDown" finished-at="2024-11-13T13:41:15 IST" duration-ms="234" status="PASS">
          <reporter-output>
          </reporter-output>
        </test-method> <!-- tearDown -->
      </class> <!-- testCases.TC_001AccountRegistrationTest -->
    </test> <!-- Surefire test -->
  </suite> <!-- Surefire suite -->
</testng-results>
