<?xml version="1.0" encoding="UTF-8"?>
<testng-results ignored="0" total="1" passed="1" failed="0" skipped="0">
  <reporter-output>
  </reporter-output>
  <suite started-at="2024-11-11T17:02:05 IST" name="Default suite" finished-at="2024-11-11T17:02:20 IST" duration-ms="15135">
    <groups>
    </groups>
    <test started-at="2024-11-11T17:02:05 IST" name="Default test" finished-at="2024-11-11T17:02:20 IST" duration-ms="15135">
      <class name="testCases.TC_001AccountRegistrationTest">
        <test-method is-config="true" signature="setup()[pri:0, instance:testCases.TC_001AccountRegistrationTest@24111ef1]" started-at="2024-11-11T17:02:05 IST" name="setup" finished-at="2024-11-11T17:02:09 IST" duration-ms="3191" status="PASS">
          <reporter-output>
          </reporter-output>
        </test-method> <!-- setup -->
        <test-method signature="verify_account_registration()[pri:0, instance:testCases.TC_001AccountRegistrationTest@24111ef1]" started-at="2024-11-11T17:02:09 IST" name="verify_account_registration" finished-at="2024-11-11T17:02:20 IST" duration-ms="11574" status="PASS">
          <reporter-output>
          </reporter-output>
        </test-method> <!-- verify_account_registration -->
        <test-method is-config="true" signature="tearDown()[pri:0, instance:testCases.TC_001AccountRegistrationTest@24111ef1]" started-at="2024-11-11T17:02:20 IST" name="tearDown" finished-at="2024-11-11T17:02:20 IST" duration-ms="317" status="PASS">
          <reporter-output>
          </reporter-output>
        </test-method> <!-- tearDown -->
      </class> <!-- testCases.TC_001AccountRegistrationTest -->
    </test> <!-- Default test -->
  </suite> <!-- Default suite -->
</testng-results>
